Using pre-set license
Built from '2020.2/release' branch; Version is '2020.2.4f1 (becced5a802b) revision 12504301'; Using compiler version '192528614'; Build Type 'Release'
OS: 'Windows 10 Pro; OS build 19043.1165; Version 2009; 64bit' Language: 'zh' Physical Memory: 16322 MB
BatchMode: 1, IsHumanControllingUs: 0, StartBugReporterOnCrash: 0, Is64bit: 1, IsPro: 0

 COMMAND LINE ARGUMENTS:
C:\Program Files\Unity\Hub\Editor\2020.2.4f1\Editor\Unity.exe
-adb2
-batchMode
-noUpm
-name
AssetImportWorker0
-projectPath
C:/Users/SamuelTTT/Desktop/Lab4
-logFile
Logs/AssetImportWorker0.log
-srvPort
52848
Successfully changed project path to: C:/Users/SamuelTTT/Desktop/Lab4
C:/Users/SamuelTTT/Desktop/Lab4
Using Asset Import Pipeline V2.
Refreshing native plugins compatible for Editor in 17.22 ms, found 0 plugins.
Preloading 0 native plugins for Editor in 0.00 ms.
Initialize engine version: 2020.2.4f1 (becced5a802b)
[Subsystems] Discovering subsystems at path C:/Program Files/Unity/Hub/Editor/2020.2.4f1/Editor/Data/Resources/UnitySubsystems
[Subsystems] Discovering subsystems at path C:/Users/SamuelTTT/Desktop/Lab4/Assets
GfxDevice: creating device client; threaded=0
Direct3D:
    Version:  Direct3D 11.0 [level 11.1]
    Renderer: NVIDIA GeForce RTX 3070 (ID=0x2484)
    Vendor:   
    VRAM:     8043 MB
    Driver:   27.21.14.6611
Initialize mono
Mono path[0] = 'C:/Program Files/Unity/Hub/Editor/2020.2.4f1/Editor/Data/Managed'
Mono path[1] = 'C:/Program Files/Unity/Hub/Editor/2020.2.4f1/Editor/Data/MonoBleedingEdge/lib/mono/unityjit'
Mono config path = 'C:/Program Files/Unity/Hub/Editor/2020.2.4f1/Editor/Data/MonoBleedingEdge/etc'
Using monoOptions --debugger-agent=transport=dt_socket,embedding=1,server=y,suspend=n,address=127.0.0.1:56512
Begin MonoManager ReloadAssembly
Registering precompiled unity dll's ...
Register platform support module: C:/Program Files/Unity/Hub/Editor/2020.2.4f1/Editor/Data/PlaybackEngines/WindowsStandaloneSupport/UnityEditor.WindowsStandalone.Extensions.dll
Registered in 0.001420 seconds.
Native extension for WindowsStandalone target not found
Refreshing native plugins compatible for Editor in 17.09 ms, found 0 plugins.
Preloading 0 native plugins for Editor in 0.00 ms.
Invoked RoslynAnalysisRunner static constructor.
RoslynAnalysisRunner will not be running.
RoslynAnalysisRunner has terminated.
Mono: successfully reloaded assembly
- Completed reload, in  0.792 seconds
Platform modules already initialized, skipping
Registering precompiled user dll's ...
Registered in 0.000506 seconds.
Begin MonoManager ReloadAssembly
Native extension for WindowsStandalone target not found
Refreshing native plugins compatible for Editor in 0.17 ms, found 0 plugins.
Preloading 0 native plugins for Editor in 0.00 ms.
Invoked RoslynAnalysisRunner static constructor.
RoslynAnalysisRunner will not be running.
RoslynAnalysisRunner has terminated.
Mono: successfully reloaded assembly
- Completed reload, in  0.608 seconds
Platform modules already initialized, skipping
========================================================================
Worker process is ready to serve import requests
Launched and connected shader compiler UnityShaderCompiler.exe after 0.03 seconds
Refreshing native plugins compatible for Editor in 0.17 ms, found 0 plugins.
Preloading 0 native plugins for Editor in 0.00 ms.
Unloading 1081 Unused Serialized files (Serialized files now loaded: 0)
System memory in use before: 55.9 MB.
System memory in use after: 56.0 MB.

Unloading 9 unused Assets to reduce memory usage. Loaded Objects now: 1523.
Total: 1.448200 ms (FindLiveObjects: 0.202900 ms CreateObjectMapping: 0.061300 ms MarkObjects: 1.133300 ms  DeleteObjects: 0.049800 ms)

========================================================================
Received Import Request.
  path: Assets/BluePrefab.prefab
  artifactKey: Guid(05fad108fd1fc4548968b703ea94ed1c) Importer(815301076,1909f56bfc062723c751e8b465ee728b)
Start importing Assets/BluePrefab.prefab using Guid(05fad108fd1fc4548968b703ea94ed1c) Importer(815301076,1909f56bfc062723c751e8b465ee728b)  -> (artifact id: '05dbe5a0a937b321285f281f1fee485d') in 0.073256 seconds
  Import took 0.074773 seconds .

========================================================================
Received Import Request.
  Time since last request: 0.000256 seconds.
  path: Assets/RedPrefab.prefab
  artifactKey: Guid(cf0aa63e0eb910542b23f7aa4e4043be) Importer(815301076,1909f56bfc062723c751e8b465ee728b)
Start importing Assets/RedPrefab.prefab using Guid(cf0aa63e0eb910542b23f7aa4e4043be) Importer(815301076,1909f56bfc062723c751e8b465ee728b)  -> (artifact id: 'f876c29b049c0ba57e02b13b5c13eb52') in 0.011791 seconds
  Import took 0.013220 seconds .

========================================================================
Received Import Request.
  Time since last request: 0.000149 seconds.
  path: Assets/PrintAndHide.cs
  artifactKey: Guid(cdf68ecab50ae44419709a3f6a2e9b47) Importer(815301076,1909f56bfc062723c751e8b465ee728b)
Start importing Assets/PrintAndHide.cs using Guid(cdf68ecab50ae44419709a3f6a2e9b47) Importer(815301076,1909f56bfc062723c751e8b465ee728b)  -> (artifact id: 'd0e1437d41ebc45d4dfac097984a17c2') in 0.006423 seconds
  Import took 0.007833 seconds .

========================================================================
Received Import Request.
  Time since last request: 0.000140 seconds.
  path: Assets/RedPrefab.prefab
  artifactKey: Guid(cf0aa63e0eb910542b23f7aa4e4043be) Importer(815301076,1909f56bfc062723c751e8b465ee728b)
Start importing Assets/RedPrefab.prefab using Guid(cf0aa63e0eb910542b23f7aa4e4043be) Importer(815301076,1909f56bfc062723c751e8b465ee728b)  -> (artifact id: 'f876c29b049c0ba57e02b13b5c13eb52') in 0.006541 seconds
  Import took 0.008095 seconds .

========================================================================
Received Prepare
Registering precompiled user dll's ...
Registered in 0.000561 seconds.
Begin MonoManager ReloadAssembly
Native extension for WindowsStandalone target not found
Refreshing native plugins compatible for Editor in 0.17 ms, found 0 plugins.
Preloading 0 native plugins for Editor in 0.00 ms.
Invoked RoslynAnalysisRunner static constructor.
RoslynAnalysisRunner will not be running.
RoslynAnalysisRunner has terminated.
Mono: successfully reloaded assembly
- Completed reload, in  0.576 seconds
Platform modules already initialized, skipping
Refreshing native plugins compatible for Editor in 0.17 ms, found 0 plugins.
Preloading 0 native plugins for Editor in 0.00 ms.
Unloading 1075 Unused Serialized files (Serialized files now loaded: 0)
System memory in use before: 59.0 MB.
System memory in use after: 59.1 MB.

Unloading 4 unused Assets to reduce memory usage. Loaded Objects now: 1533.
Total: 1.303200 ms (FindLiveObjects: 0.157800 ms CreateObjectMapping: 0.045200 ms MarkObjects: 1.087700 ms  DeleteObjects: 0.011600 ms)

========================================================================
Received Prepare
Registering precompiled user dll's ...
Registered in 0.000505 seconds.
Begin MonoManager ReloadAssembly
Native extension for WindowsStandalone target not found
Refreshing native plugins compatible for Editor in 0.16 ms, found 0 plugins.
Preloading 0 native plugins for Editor in 0.00 ms.
Invoked RoslynAnalysisRunner static constructor.
RoslynAnalysisRunner will not be running.
RoslynAnalysisRunner has terminated.
Mono: successfully reloaded assembly
- Completed reload, in  0.569 seconds
Platform modules already initialized, skipping
Refreshing native plugins compatible for Editor in 0.17 ms, found 0 plugins.
Preloading 0 native plugins for Editor in 0.00 ms.
Unloading 1075 Unused Serialized files (Serialized files now loaded: 0)
System memory in use before: 59.0 MB.
System memory in use after: 59.1 MB.

Unloading 4 unused Assets to reduce memory usage. Loaded Objects now: 1535.
Total: 1.359200 ms (FindLiveObjects: 0.161100 ms CreateObjectMapping: 0.043900 ms MarkObjects: 1.141600 ms  DeleteObjects: 0.011500 ms)

========================================================================
Received Import Request.
  Time since last request: 160.336357 seconds.
  path: Assets/PrintAndHide.cs
  artifactKey: Guid(cdf68ecab50ae44419709a3f6a2e9b47) Importer(815301076,1909f56bfc062723c751e8b465ee728b)
Start importing Assets/PrintAndHide.cs using Guid(cdf68ecab50ae44419709a3f6a2e9b47) Importer(815301076,1909f56bfc062723c751e8b465ee728b)  -> (artifact id: '4d08514447915e8b7726476216a8d00b') in 0.002820 seconds
  Import took 0.004302 seconds .

========================================================================
Received Prepare
Registering precompiled user dll's ...
Registered in 0.000411 seconds.
Begin MonoManager ReloadAssembly
Native extension for WindowsStandalone target not found
Refreshing native plugins compatible for Editor in 0.18 ms, found 0 plugins.
Preloading 0 native plugins for Editor in 0.00 ms.
Invoked RoslynAnalysisRunner static constructor.
RoslynAnalysisRunner will not be running.
RoslynAnalysisRunner has terminated.
Mono: successfully reloaded assembly
- Completed reload, in  0.576 seconds
Platform modules already initialized, skipping
Refreshing native plugins compatible for Editor in 0.17 ms, found 0 plugins.
Preloading 0 native plugins for Editor in 0.00 ms.
Unloading 1075 Unused Serialized files (Serialized files now loaded: 0)
System memory in use before: 59.0 MB.
System memory in use after: 59.1 MB.

Unloading 4 unused Assets to reduce memory usage. Loaded Objects now: 1537.
Total: 1.196100 ms (FindLiveObjects: 0.105200 ms CreateObjectMapping: 0.026700 ms MarkObjects: 1.053900 ms  DeleteObjects: 0.009400 ms)

========================================================================
Received Import Request.
  Time since last request: 333.782908 seconds.
  path: Assets/RedPrefab.prefab
  artifactKey: Guid(cf0aa63e0eb910542b23f7aa4e4043be) Importer(815301076,1909f56bfc062723c751e8b465ee728b)
Start importing Assets/RedPrefab.prefab using Guid(cf0aa63e0eb910542b23f7aa4e4043be) Importer(815301076,1909f56bfc062723c751e8b465ee728b)  -> (artifact id: '6c3c7844476cb9e5baacbfc4f60139d0') in 0.041531 seconds
  Import took 0.043044 seconds .

========================================================================
Received Import Request.
  Time since last request: 0.000174 seconds.
  path: Assets/BluePrefab.prefab
  artifactKey: Guid(05fad108fd1fc4548968b703ea94ed1c) Importer(815301076,1909f56bfc062723c751e8b465ee728b)
Start importing Assets/BluePrefab.prefab using Guid(05fad108fd1fc4548968b703ea94ed1c) Importer(815301076,1909f56bfc062723c751e8b465ee728b)  -> (artifact id: '30b7fbe29bf6a2501b5c3eb4a8d40cef') in 0.011111 seconds
  Import took 0.012646 seconds .

========================================================================
Received Import Request.
  Time since last request: 2.029809 seconds.
  path: Assets/PrintAndHide.cs
  artifactKey: Guid(cdf68ecab50ae44419709a3f6a2e9b47) Importer(815301076,1909f56bfc062723c751e8b465ee728b)
Start importing Assets/PrintAndHide.cs using Guid(cdf68ecab50ae44419709a3f6a2e9b47) Importer(815301076,1909f56bfc062723c751e8b465ee728b)  -> (artifact id: '3d9d4d53edbe8cc8e5603e011a33013f') in 0.001397 seconds
  Import took 0.002799 seconds .

========================================================================
Received Import Request.
  Time since last request: 0.005891 seconds.
  path: Assets/PrintAndHide.cs
  artifactKey: Guid(cdf68ecab50ae44419709a3f6a2e9b47) Importer(815301076,1909f56bfc062723c751e8b465ee728b)
Start importing Assets/PrintAndHide.cs using Guid(cdf68ecab50ae44419709a3f6a2e9b47) Importer(815301076,1909f56bfc062723c751e8b465ee728b)  -> (artifact id: '3d9d4d53edbe8cc8e5603e011a33013f') in 0.001440 seconds
  Import took 0.002835 seconds .

========================================================================
Received Import Request.
  Time since last request: 32.243015 seconds.
  path: Assets/PrintAndHide.cs
  artifactKey: Guid(cdf68ecab50ae44419709a3f6a2e9b47) Importer(815301076,1909f56bfc062723c751e8b465ee728b)
Start importing Assets/PrintAndHide.cs using Guid(cdf68ecab50ae44419709a3f6a2e9b47) Importer(815301076,1909f56bfc062723c751e8b465ee728b)  -> (artifact id: '1680c37ef48056ae0d6cfd707633c21c') in 0.001387 seconds
  Import took 0.002933 seconds .

========================================================================
Received Prepare
Registering precompiled user dll's ...
Registered in 0.000446 seconds.
Begin MonoManager ReloadAssembly
Native extension for WindowsStandalone target not found
Refreshing native plugins compatible for Editor in 0.17 ms, found 0 plugins.
Preloading 0 native plugins for Editor in 0.00 ms.
Invoked RoslynAnalysisRunner static constructor.
RoslynAnalysisRunner will not be running.
RoslynAnalysisRunner has terminated.
Mono: successfully reloaded assembly
- Completed reload, in  0.562 seconds
Platform modules already initialized, skipping
Refreshing native plugins compatible for Editor in 0.15 ms, found 0 plugins.
Preloading 0 native plugins for Editor in 0.00 ms.
Unloading 1075 Unused Serialized files (Serialized files now loaded: 0)
System memory in use before: 59.0 MB.
System memory in use after: 59.1 MB.

Unloading 4 unused Assets to reduce memory usage. Loaded Objects now: 1540.
Total: 1.187100 ms (FindLiveObjects: 0.101000 ms CreateObjectMapping: 0.025600 ms MarkObjects: 1.050100 ms  DeleteObjects: 0.009500 ms)

========================================================================
Received Import Request.
  Time since last request: 25.825360 seconds.
  path: Assets/PrintAndHide.cs
  artifactKey: Guid(cdf68ecab50ae44419709a3f6a2e9b47) Importer(815301076,1909f56bfc062723c751e8b465ee728b)
Start importing Assets/PrintAndHide.cs using Guid(cdf68ecab50ae44419709a3f6a2e9b47) Importer(815301076,1909f56bfc062723c751e8b465ee728b)  -> (artifact id: '319958f1ef52bdc6608ef56587291fc4') in 0.004684 seconds
  Import took 0.006270 seconds .

========================================================================
Received Prepare
Registering precompiled user dll's ...
Registered in 0.000419 seconds.
Begin MonoManager ReloadAssembly
Native extension for WindowsStandalone target not found
Refreshing native plugins compatible for Editor in 0.17 ms, found 0 plugins.
Preloading 0 native plugins for Editor in 0.00 ms.
Invoked RoslynAnalysisRunner static constructor.
RoslynAnalysisRunner will not be running.
RoslynAnalysisRunner has terminated.
Mono: successfully reloaded assembly
- Completed reload, in  0.556 seconds
Platform modules already initialized, skipping
Refreshing native plugins compatible for Editor in 0.16 ms, found 0 plugins.
Preloading 0 native plugins for Editor in 0.00 ms.
Unloading 1075 Unused Serialized files (Serialized files now loaded: 0)
System memory in use before: 59.0 MB.
System memory in use after: 59.1 MB.

Unloading 4 unused Assets to reduce memory usage. Loaded Objects now: 1542.
Total: 1.387500 ms (FindLiveObjects: 0.113400 ms CreateObjectMapping: 0.035200 ms MarkObjects: 1.228400 ms  DeleteObjects: 0.010000 ms)

========================================================================
Received Import Request.
  Time since last request: 58.020206 seconds.
  path: Assets/RedPrefab.prefab
  artifactKey: Guid(cf0aa63e0eb910542b23f7aa4e4043be) Importer(815301076,1909f56bfc062723c751e8b465ee728b)
Start importing Assets/RedPrefab.prefab using Guid(cf0aa63e0eb910542b23f7aa4e4043be) Importer(815301076,1909f56bfc062723c751e8b465ee728b)  -> (artifact id: '0d4fa5446c4ec70ab4f550f2ba547f84') in 0.041364 seconds
  Import took 0.043019 seconds .

========================================================================
Received Import Request.
  Time since last request: 3.947088 seconds.
  path: Assets/BluePrefab.prefab
  artifactKey: Guid(05fad108fd1fc4548968b703ea94ed1c) Importer(815301076,1909f56bfc062723c751e8b465ee728b)
Start importing Assets/BluePrefab.prefab using Guid(05fad108fd1fc4548968b703ea94ed1c) Importer(815301076,1909f56bfc062723c751e8b465ee728b)  -> (artifact id: '7bb2e4c827c2ea1941ce5b12b4586041') in 0.007664 seconds
  Import took 0.009258 seconds .

========================================================================
Received Import Request.
  Time since last request: 0.005317 seconds.
  path: Assets/BluePrefab.prefab
  artifactKey: Guid(05fad108fd1fc4548968b703ea94ed1c) Importer(815301076,1909f56bfc062723c751e8b465ee728b)
Start importing Assets/BluePrefab.prefab using Guid(05fad108fd1fc4548968b703ea94ed1c) Importer(815301076,1909f56bfc062723c751e8b465ee728b)  -> (artifact id: '7bb2e4c827c2ea1941ce5b12b4586041') in 0.013541 seconds
  Import took 0.015125 seconds .

========================================================================
Received Import Request.
  Time since last request: 3.969975 seconds.
  path: Assets/PrintAndHide.cs
  artifactKey: Guid(cdf68ecab50ae44419709a3f6a2e9b47) Importer(815301076,1909f56bfc062723c751e8b465ee728b)
Start importing Assets/PrintAndHide.cs using Guid(cdf68ecab50ae44419709a3f6a2e9b47) Importer(815301076,1909f56bfc062723c751e8b465ee728b)  -> (artifact id: 'd07d8e9d3e2869af7cb204c2dc959988') in 0.001386 seconds
  Import took 0.002877 seconds .

========================================================================
Received Prepare
Registering precompiled user dll's ...
Registered in 0.000417 seconds.
Begin MonoManager ReloadAssembly
Native extension for WindowsStandalone target not found
Refreshing native plugins compatible for Editor in 0.17 ms, found 0 plugins.
Preloading 0 native plugins for Editor in 0.00 ms.
Invoked RoslynAnalysisRunner static constructor.
RoslynAnalysisRunner will not be running.
RoslynAnalysisRunner has terminated.
Mono: successfully reloaded assembly
- Completed reload, in  0.563 seconds
Platform modules already initialized, skipping
Refreshing native plugins compatible for Editor in 0.17 ms, found 0 plugins.
Preloading 0 native plugins for Editor in 0.00 ms.
Unloading 1075 Unused Serialized files (Serialized files now loaded: 0)
System memory in use before: 59.1 MB.
System memory in use after: 59.2 MB.

Unloading 4 unused Assets to reduce memory usage. Loaded Objects now: 1545.
Total: 1.235900 ms (FindLiveObjects: 0.102700 ms CreateObjectMapping: 0.027400 ms MarkObjects: 1.095700 ms  DeleteObjects: 0.009400 ms)

========================================================================
Received Import Request.
  Time since last request: 118.447645 seconds.
  path: ProjectSettings/TagManager.asset
  artifactKey: Guid(00000000000000003000000000000000) Importer(815301076,1909f56bfc062723c751e8b465ee728b)
Start importing ProjectSettings/TagManager.asset using Guid(00000000000000003000000000000000) Importer(815301076,1909f56bfc062723c751e8b465ee728b)  -> (artifact id: 'd7fc6db537de490c66388a0e179d6586') in 0.011808 seconds
  Import took 0.013298 seconds .

========================================================================
Received Import Request.
  Time since last request: 41.171912 seconds.
  path: Assets/RedPrefab.prefab
  artifactKey: Guid(cf0aa63e0eb910542b23f7aa4e4043be) Importer(815301076,1909f56bfc062723c751e8b465ee728b)
Start importing Assets/RedPrefab.prefab using Guid(cf0aa63e0eb910542b23f7aa4e4043be) Importer(815301076,1909f56bfc062723c751e8b465ee728b)  -> (artifact id: 'd24bf560959dc82f96d6475dcd75530c') in 0.036783 seconds
  Import took 0.038473 seconds .

========================================================================
Received Prepare
Registering precompiled user dll's ...
Registered in 0.000493 seconds.
Begin MonoManager ReloadAssembly
Native extension for WindowsStandalone target not found
Refreshing native plugins compatible for Editor in 0.17 ms, found 0 plugins.
Preloading 0 native plugins for Editor in 0.00 ms.
Invoked RoslynAnalysisRunner static constructor.
RoslynAnalysisRunner will not be running.
RoslynAnalysisRunner has terminated.
Mono: successfully reloaded assembly
- Completed reload, in  0.557 seconds
Platform modules already initialized, skipping
Refreshing native plugins compatible for Editor in 0.17 ms, found 0 plugins.
Preloading 0 native plugins for Editor in 0.00 ms.
Unloading 1075 Unused Serialized files (Serialized files now loaded: 0)
System memory in use before: 59.1 MB.
System memory in use after: 59.2 MB.

Unloading 5 unused Assets to reduce memory usage. Loaded Objects now: 1548.
Total: 1.249900 ms (FindLiveObjects: 0.108600 ms CreateObjectMapping: 0.027500 ms MarkObjects: 1.101600 ms  DeleteObjects: 0.011400 ms)

========================================================================
Received Import Request.
  Time since last request: 145.073270 seconds.
  path: Assets/BluePrefab.prefab
  artifactKey: Guid(05fad108fd1fc4548968b703ea94ed1c) Importer(815301076,1909f56bfc062723c751e8b465ee728b)
Start importing Assets/BluePrefab.prefab using Guid(05fad108fd1fc4548968b703ea94ed1c) Importer(815301076,1909f56bfc062723c751e8b465ee728b)  -> (artifact id: '26d403c7550b1b590844ed5d1bc67330') in 0.038973 seconds
  Import took 0.040439 seconds .

========================================================================
Received Prepare
Registering precompiled user dll's ...
Registered in 0.000490 seconds.
Begin MonoManager ReloadAssembly
Native extension for WindowsStandalone target not found
Refreshing native plugins compatible for Editor in 0.17 ms, found 0 plugins.
Preloading 0 native plugins for Editor in 0.00 ms.
Invoked RoslynAnalysisRunner static constructor.
RoslynAnalysisRunner will not be running.
RoslynAnalysisRunner has terminated.
Mono: successfully reloaded assembly
- Completed reload, in  0.556 seconds
Platform modules already initialized, skipping
Refreshing native plugins compatible for Editor in 0.17 ms, found 0 plugins.
Preloading 0 native plugins for Editor in 0.00 ms.
Unloading 1075 Unused Serialized files (Serialized files now loaded: 0)
System memory in use before: 59.1 MB.
System memory in use after: 59.2 MB.

Unloading 4 unused Assets to reduce memory usage. Loaded Objects now: 1551.
Total: 1.164200 ms (FindLiveObjects: 0.109800 ms CreateObjectMapping: 0.028600 ms MarkObjects: 1.015200 ms  DeleteObjects: 0.009800 ms)

========================================================================
Received Prepare
Registering precompiled user dll's ...
Registered in 0.000464 seconds.
Begin MonoManager ReloadAssembly
Native extension for WindowsStandalone target not found
Refreshing native plugins compatible for Editor in 0.16 ms, found 0 plugins.
Preloading 0 native plugins for Editor in 0.00 ms.
Invoked RoslynAnalysisRunner static constructor.
RoslynAnalysisRunner will not be running.
RoslynAnalysisRunner has terminated.
Mono: successfully reloaded assembly
- Completed reload, in  0.569 seconds
Platform modules already initialized, skipping
Refreshing native plugins compatible for Editor in 0.16 ms, found 0 plugins.
Preloading 0 native plugins for Editor in 0.00 ms.
Unloading 1075 Unused Serialized files (Serialized files now loaded: 0)
System memory in use before: 59.2 MB.
System memory in use after: 59.3 MB.

Unloading 4 unused Assets to reduce memory usage. Loaded Objects now: 1553.
Total: 1.309000 ms (FindLiveObjects: 0.114800 ms CreateObjectMapping: 0.029400 ms MarkObjects: 1.154100 ms  DeleteObjects: 0.009900 ms)

========================================================================
Received Import Request.
  Time since last request: 68.372641 seconds.
  path: Assets/Scripts/ProgressEvaluator.cs
  artifactKey: Guid(4b70bdf04e7249544853c137accd6b52) Importer(815301076,1909f56bfc062723c751e8b465ee728b)
Start importing Assets/Scripts/ProgressEvaluator.cs using Guid(4b70bdf04e7249544853c137accd6b52) Importer(815301076,1909f56bfc062723c751e8b465ee728b)  -> (artifact id: '41da498c46dd600388b8f4b8f152b942') in 0.005224 seconds
  Import took 0.006549 seconds .

========================================================================
Received Prepare
Registering precompiled user dll's ...
Registered in 0.000454 seconds.
Begin MonoManager ReloadAssembly
Native extension for WindowsStandalone target not found
Refreshing native plugins compatible for Editor in 0.18 ms, found 0 plugins.
Preloading 0 native plugins for Editor in 0.00 ms.
Invoked RoslynAnalysisRunner static constructor.
RoslynAnalysisRunner will not be running.
RoslynAnalysisRunner has terminated.
Mono: successfully reloaded assembly
- Completed reload, in  0.546 seconds
Platform modules already initialized, skipping
Refreshing native plugins compatible for Editor in 0.15 ms, found 0 plugins.
Preloading 0 native plugins for Editor in 0.00 ms.
Unloading 1075 Unused Serialized files (Serialized files now loaded: 0)
System memory in use before: 59.2 MB.
System memory in use after: 59.3 MB.

Unloading 4 unused Assets to reduce memory usage. Loaded Objects now: 1555.
Total: 1.175700 ms (FindLiveObjects: 0.105700 ms CreateObjectMapping: 0.027800 ms MarkObjects: 1.032400 ms  DeleteObjects: 0.009300 ms)

========================================================================
Received Prepare
Registering precompiled user dll's ...
Registered in 0.000535 seconds.
Begin MonoManager ReloadAssembly
Native extension for WindowsStandalone target not found
Refreshing native plugins compatible for Editor in 0.17 ms, found 0 plugins.
Preloading 0 native plugins for Editor in 0.00 ms.
Invoked RoslynAnalysisRunner static constructor.
RoslynAnalysisRunner will not be running.
RoslynAnalysisRunner has terminated.
Mono: successfully reloaded assembly
- Completed reload, in  0.608 seconds
Platform modules already initialized, skipping
Refreshing native plugins compatible for Editor in 0.20 ms, found 0 plugins.
Preloading 0 native plugins for Editor in 0.00 ms.
Unloading 1075 Unused Serialized files (Serialized files now loaded: 0)
System memory in use before: 59.2 MB.
System memory in use after: 59.3 MB.

Unloading 4 unused Assets to reduce memory usage. Loaded Objects now: 1557.
Total: 1.329700 ms (FindLiveObjects: 0.129700 ms CreateObjectMapping: 0.034500 ms MarkObjects: 1.153900 ms  DeleteObjects: 0.010600 ms)

========================================================================
Received Prepare
Registering precompiled user dll's ...
Registered in 0.000451 seconds.
Begin MonoManager ReloadAssembly
Native extension for WindowsStandalone target not found
Refreshing native plugins compatible for Editor in 0.16 ms, found 0 plugins.
Preloading 0 native plugins for Editor in 0.00 ms.
Invoked RoslynAnalysisRunner static constructor.
RoslynAnalysisRunner will not be running.
RoslynAnalysisRunner has terminated.
Mono: successfully reloaded assembly
- Completed reload, in  0.559 seconds
Platform modules already initialized, skipping
Refreshing native plugins compatible for Editor in 0.18 ms, found 0 plugins.
Preloading 0 native plugins for Editor in 0.00 ms.
Unloading 1075 Unused Serialized files (Serialized files now loaded: 0)
System memory in use before: 59.2 MB.
System memory in use after: 59.3 MB.

Unloading 4 unused Assets to reduce memory usage. Loaded Objects now: 1559.
Total: 1.250400 ms (FindLiveObjects: 0.101600 ms CreateObjectMapping: 0.026900 ms MarkObjects: 1.111300 ms  DeleteObjects: 0.009800 ms)

========================================================================
Received Prepare
Registering precompiled user dll's ...
Registered in 0.000473 seconds.
Begin MonoManager ReloadAssembly
Native extension for WindowsStandalone target not found
Refreshing native plugins compatible for Editor in 0.17 ms, found 0 plugins.
Preloading 0 native plugins for Editor in 0.00 ms.
Invoked RoslynAnalysisRunner static constructor.
RoslynAnalysisRunner will not be running.
RoslynAnalysisRunner has terminated.
Mono: successfully reloaded assembly
- Completed reload, in  0.562 seconds
Platform modules already initialized, skipping
Refreshing native plugins compatible for Editor in 0.17 ms, found 0 plugins.
Preloading 0 native plugins for Editor in 0.00 ms.
Unloading 1075 Unused Serialized files (Serialized files now loaded: 0)
System memory in use before: 59.2 MB.
System memory in use after: 59.3 MB.

Unloading 4 unused Assets to reduce memory usage. Loaded Objects now: 1561.
Total: 1.206400 ms (FindLiveObjects: 0.130400 ms CreateObjectMapping: 0.033800 ms MarkObjects: 1.031300 ms  DeleteObjects: 0.010100 ms)

========================================================================
Received Import Request.
  Time since last request: 126.052560 seconds.
  path: Assets/PrintAndHide.cs
  artifactKey: Guid(cdf68ecab50ae44419709a3f6a2e9b47) Importer(815301076,1909f56bfc062723c751e8b465ee728b)
Start importing Assets/PrintAndHide.cs using Guid(cdf68ecab50ae44419709a3f6a2e9b47) Importer(815301076,1909f56bfc062723c751e8b465ee728b)  -> (artifact id: 'c0dc3578493e73a2b6974003d59bc2ca') in 0.002913 seconds
  Import took 0.004449 seconds .

========================================================================
Received Prepare
Registering precompiled user dll's ...
Registered in 0.000421 seconds.
Begin MonoManager ReloadAssembly
Native extension for WindowsStandalone target not found
Refreshing native plugins compatible for Editor in 0.16 ms, found 0 plugins.
Preloading 0 native plugins for Editor in 0.00 ms.
Invoked RoslynAnalysisRunner static constructor.
RoslynAnalysisRunner will not be running.
RoslynAnalysisRunner has terminated.
Mono: successfully reloaded assembly
- Completed reload, in  0.562 seconds
Platform modules already initialized, skipping
Refreshing native plugins compatible for Editor in 0.15 ms, found 0 plugins.
Preloading 0 native plugins for Editor in 0.00 ms.
Unloading 1075 Unused Serialized files (Serialized files now loaded: 0)
System memory in use before: 59.2 MB.
System memory in use after: 59.3 MB.

Unloading 4 unused Assets to reduce memory usage. Loaded Objects now: 1563.
Total: 1.452400 ms (FindLiveObjects: 0.098300 ms CreateObjectMapping: 0.032000 ms MarkObjects: 1.311800 ms  DeleteObjects: 0.009700 ms)

========================================================================
Received Import Request.
  Time since last request: 12.469628 seconds.
  path: Assets/PrintAndHide.cs
  artifactKey: Guid(cdf68ecab50ae44419709a3f6a2e9b47) Importer(815301076,1909f56bfc062723c751e8b465ee728b)
Start importing Assets/PrintAndHide.cs using Guid(cdf68ecab50ae44419709a3f6a2e9b47) Importer(815301076,1909f56bfc062723c751e8b465ee728b)  -> (artifact id: '1f2a11f115d3c3c8da2e832a9e0e9094') in 0.002709 seconds
  Import took 0.003977 seconds .

========================================================================
Received Prepare
Registering precompiled user dll's ...
Registered in 0.000478 seconds.
Begin MonoManager ReloadAssembly
Native extension for WindowsStandalone target not found
Refreshing native plugins compatible for Editor in 0.17 ms, found 0 plugins.
Preloading 0 native plugins for Editor in 0.00 ms.
Invoked RoslynAnalysisRunner static constructor.
RoslynAnalysisRunner will not be running.
RoslynAnalysisRunner has terminated.
Mono: successfully reloaded assembly
- Completed reload, in  0.563 seconds
Platform modules already initialized, skipping
Refreshing native plugins compatible for Editor in 0.17 ms, found 0 plugins.
Preloading 0 native plugins for Editor in 0.00 ms.
Unloading 1075 Unused Serialized files (Serialized files now loaded: 0)
System memory in use before: 59.2 MB.
System memory in use after: 59.3 MB.

Unloading 4 unused Assets to reduce memory usage. Loaded Objects now: 1565.
Total: 1.182400 ms (FindLiveObjects: 0.126600 ms CreateObjectMapping: 0.031800 ms MarkObjects: 1.013100 ms  DeleteObjects: 0.009900 ms)

========================================================================
Received Prepare
Registering precompiled user dll's ...
Registered in 0.000465 seconds.
Begin MonoManager ReloadAssembly
Native extension for WindowsStandalone target not found
Refreshing native plugins compatible for Editor in 0.17 ms, found 0 plugins.
Preloading 0 native plugins for Editor in 0.00 ms.
Invoked RoslynAnalysisRunner static constructor.
RoslynAnalysisRunner will not be running.
RoslynAnalysisRunner has terminated.
Mono: successfully reloaded assembly
- Completed reload, in  0.554 seconds
Platform modules already initialized, skipping
Refreshing native plugins compatible for Editor in 0.15 ms, found 0 plugins.
Preloading 0 native plugins for Editor in 0.00 ms.
Unloading 1075 Unused Serialized files (Serialized files now loaded: 0)
System memory in use before: 59.2 MB.
System memory in use after: 59.3 MB.

Unloading 4 unused Assets to reduce memory usage. Loaded Objects now: 1567.
Total: 1.415900 ms (FindLiveObjects: 0.164700 ms CreateObjectMapping: 0.052900 ms MarkObjects: 1.186600 ms  DeleteObjects: 0.011000 ms)

========================================================================
Received Import Request.
  Time since last request: 86.456209 seconds.
  path: Assets/PrintAndHide.cs
  artifactKey: Guid(cdf68ecab50ae44419709a3f6a2e9b47) Importer(815301076,1909f56bfc062723c751e8b465ee728b)
Start importing Assets/PrintAndHide.cs using Guid(cdf68ecab50ae44419709a3f6a2e9b47) Importer(815301076,1909f56bfc062723c751e8b465ee728b)  -> (artifact id: '37507048c301ad729ef1b21494f4ebe0') in 0.003073 seconds
  Import took 0.004522 seconds .

========================================================================
Received Import Request.
  Time since last request: 1.623527 seconds.
  path: Assets/PrintAndHide.cs
  artifactKey: Guid(cdf68ecab50ae44419709a3f6a2e9b47) Importer(815301076,1909f56bfc062723c751e8b465ee728b)
Start importing Assets/PrintAndHide.cs using Guid(cdf68ecab50ae44419709a3f6a2e9b47) Importer(815301076,1909f56bfc062723c751e8b465ee728b)  -> (artifact id: '37507048c301ad729ef1b21494f4ebe0') in 0.001369 seconds
  Import took 0.002779 seconds .

========================================================================
Received Prepare
Registering precompiled user dll's ...
Registered in 0.000513 seconds.
Begin MonoManager ReloadAssembly
Native extension for WindowsStandalone target not found
Refreshing native plugins compatible for Editor in 0.16 ms, found 0 plugins.
Preloading 0 native plugins for Editor in 0.00 ms.
Invoked RoslynAnalysisRunner static constructor.
RoslynAnalysisRunner will not be running.
RoslynAnalysisRunner has terminated.
Mono: successfully reloaded assembly
- Completed reload, in  0.565 seconds
Platform modules already initialized, skipping
Refreshing native plugins compatible for Editor in 0.15 ms, found 0 plugins.
Preloading 0 native plugins for Editor in 0.00 ms.
Unloading 1075 Unused Serialized files (Serialized files now loaded: 0)
System memory in use before: 59.2 MB.
System memory in use after: 59.3 MB.

Unloading 4 unused Assets to reduce memory usage. Loaded Objects now: 1569.
Total: 1.324500 ms (FindLiveObjects: 0.114300 ms CreateObjectMapping: 0.030800 ms MarkObjects: 1.168700 ms  DeleteObjects: 0.009700 ms)

AssetImportWorkerClient::OnTransportError - code=2 error=End of file
